Batch\12.bat
Batch\25.BAT
Batch\43.BAT
Batch\50.bat
Batch\72w.bat
Batch\82w.bat
Batch\a2u.bat
Batch\ADDPATH.BAT
Batch\AddPaths.bat
Batch\CheckEOL.bat
Batch\DIRCC.BAT
Batch\DIRDIR.BAT
Batch\Disconnect.bat
Batch\echoargs.bat
Batch\ERRORLEV.BAT
Batch\flvcache.bat
Batch\gccache.bat
Batch\history.bat
Batch\hosts.bat
Batch\ie.bat
Batch\iecache.bat
Batch\IPcfg.bat
Batch\MakeZip.bat
Batch\MCD.BAT
Batch\mountw.bat
Batch\n.bat
Batch\PySetup.bat
Batch\Reconnect.bat
Batch\regx.bat
Batch\rhs.bat
Batch\-rhs.bat
Batch\subcmd.bat
Batch\tclsh.bat
Batch\TimeX.bat
Batch\touch.bat
Batch\trouve.bat
Batch\u2a.bat
Batch\u2w.bat
Batch\umountw.bat
Batch\vcvars.bat
Batch\w2u.bat
Batch\wm.bat
Batch\x.bat
Batch\xfind.bat
Batch\zap.bat
Batch\zapbaks.bat
PowerShell\Disable-IPv6Components.ps1
PowerShell\EchoArgs.ps1
PowerShell\Enable-IPv6Components.ps1
PowerShell\Get-Console.ps1
PowerShell\Get-ProductKey.ps1
PowerShell\IESec.ps1
PowerShell\Is-WindowsActivated.ps1
PowerShell\Out-ByHost.ps1
PowerShell\Reconnect.ps1
PowerShell\ShadowCopy.ps1
PowerShell\Test-IPv6Components.ps1
PowerShell\Window.ps1
Tcl\b64dec.tcl
Tcl\b64enc.tcl
Tcl\camel.tcl
Tcl\cascade.tcl
Tcl\cfdt.tcl
Tcl\fixmht.tcl
Tcl\FlipMails.tcl
Tcl\get.tcl
Tcl\lower.tcl
Tcl\nlines.tcl
Tcl\regsub.tcl
Tcl\rxrename.tcl
Tcl\show.tcl
Tcl\sml.tcl
Tcl\unixtime.tcl
Tcl\upper.tcl
Tcl\xpath.tcl
