ToolsSRC.lst
C\SRC\1clip.c
C\SRC\1clip.mak
C\SRC\2clip.c
C\SRC\2clip.mak
C\SRC\All.mak
C\SRC\arm.mak
C\SRC\backnum.c
C\SRC\bios.mak
C\SRC\chars.c
C\SRC\clean.bat
C\SRC\configure
C\SRC\configure.bat
C\SRC\conv.c
C\SRC\conv.mak
C\SRC\cpuid.c
C\SRC\cpuid.mak
C\SRC\deffeed.c
C\SRC\detab.c
C\SRC\dict.h
C\SRC\dirc.c
C\SRC\dirc.mak
C\SRC\dirsize.c
C\SRC\dmi.c
C\SRC\dmihp.c
C\SRC\dmistd.c
C\SRC\dos.mak
C\SRC\driver.c
C\SRC\driver.mak
C\SRC\dump.c
C\SRC\exe
C\SRC\exe.bat
C\SRC\Files.mak
C\SRC\macros.cpp
C\SRC\make.bat
C\SRC\Makefile
C\SRC\README.txt
C\SRC\redo.c
C\SRC\redo.mak
C\SRC\remplace.c
C\SRC\smbios.c
C\SRC\src2objs.bat
C\SRC\tee.c
C\SRC\Tools.lst
C\SRC\tree.h
C\SRC\trim.c
C\SRC\truename.c
C\SRC\truename.mak
C\SRC\update.c
C\SRC\update.mak
C\SRC\update.manifest
C\SRC\update.rc
C\SRC\which.c
C\SRC\whichinc.c
C\SRC\win32.mak
C\SRC\win64.mak
C\SRC\win95.mak
